Added Component: Designator=C7(CAP_0402)
Add component. Clean all parameters for all variants
Add component (AddParameter): Name = "LatestRevisionDate"; Value = "17-Jul-2002"; VariantName = "[No Variations]"
Add component (AddParameter): Name = "LatestRevisionNote"; Value = "Re-released for DXP Platform."; VariantName = "[No Variations]"
Add component (AddParameter): Name = "PackageReference"; Value = "RAD-0.3"; VariantName = "[No Variations]"
Add component (AddParameter): Name = "Published"; Value = "8-Jun-2000"; VariantName = "[No Variations]"
Add component (AddParameter): Name = "Publisher"; Value = "Altium Limited"; VariantName = "[No Variations]"
Add component (AddParameter): Name = "Value"; Value = "33p"; VariantName = "[No Variations]"
Added Component: Designator=C8(CAP_7343)
Add component. Clean all parameters for all variants
Added Component: Designator=C9(CAP_0402)
Add component. Clean all parameters for all variants
Add component (AddParameter): Name = "LatestRevisionDate"; Value = "17-Jul-2002"; VariantName = "[No Variations]"
Add component (AddParameter): Name = "LatestRevisionNote"; Value = "Re-released for DXP Platform."; VariantName = "[No Variations]"
Add component (AddParameter): Name = "PackageReference"; Value = "RAD-0.3"; VariantName = "[No Variations]"
Add component (AddParameter): Name = "Published"; Value = "8-Jun-2000"; VariantName = "[No Variations]"
Add component (AddParameter): Name = "Publisher"; Value = "Altium Limited"; VariantName = "[No Variations]"
Add component (AddParameter): Name = "Value"; Value = "33p"; VariantName = "[No Variations]"
Added Component: Designator=C10(CAP_0402)
Add component. Clean all parameters for all variants
Add component (AddParameter): Name = "LatestRevisionDate"; Value = "17-Jul-2002"; VariantName = "[No Variations]"
Add component (AddParameter): Name = "LatestRevisionNote"; Value = "Re-released for DXP Platform."; VariantName = "[No Variations]"
Add component (AddParameter): Name = "PackageReference"; Value = "RAD-0.3"; VariantName = "[No Variations]"
Add component (AddParameter): Name = "Published"; Value = "8-Jun-2000"; VariantName = "[No Variations]"
Add component (AddParameter): Name = "Publisher"; Value = "Altium Limited"; VariantName = "[No Variations]"
Add component (AddParameter): Name = "Value"; Value = "33p"; VariantName = "[No Variations]"
Added Component: Designator=C11(CAP_0402)
Add component. Clean all parameters for all variants
Add component (AddParameter): Name = "LatestRevisionDate"; Value = "17-Jul-2002"; VariantName = "[No Variations]"
Add component (AddParameter): Name = "LatestRevisionNote"; Value = "Re-released for DXP Platform."; VariantName = "[No Variations]"
Add component (AddParameter): Name = "PackageReference"; Value = "RAD-0.3"; VariantName = "[No Variations]"
Add component (AddParameter): Name = "Published"; Value = "8-Jun-2000"; VariantName = "[No Variations]"
Add component (AddParameter): Name = "Publisher"; Value = "Altium Limited"; VariantName = "[No Variations]"
Add component (AddParameter): Name = "Value"; Value = "33p"; VariantName = "[No Variations]"
Added Component: Designator=Q1(SOT23D)
Add component. Clean all parameters for all variants
Add component (AddParameter): Name = ""; Value = "C2383"; VariantName = "[No Variations]"
Add component (AddParameter): Name = "Value"; Value = "C1815"; VariantName = "[No Variations]"
Added Component: Designator=Q2(SOT23D)
Add component. Clean all parameters for all variants
Add component (AddParameter): Name = ""; Value = "C2383"; VariantName = "[No Variations]"
Add component (AddParameter): Name = "Value"; Value = "C1815"; VariantName = "[No Variations]"
Added Component: Designator=S1(SW 3x2x4)
Add component. Clean all parameters for all variants
Add component (AddParameter): Name = "LatestRevisionDate"; Value = "17-Jul-2002"; VariantName = "[No Variations]"
Add component (AddParameter): Name = "LatestRevisionNote"; Value = "Re-released for DXP Platform."; VariantName = "[No Variations]"
Add component (AddParameter): Name = "PackageReference"; Value = "SPST-2"; VariantName = "[No Variations]"
Add component (AddParameter): Name = "Published"; Value = "24-Mar-1999"; VariantName = "[No Variations]"
Add component (AddParameter): Name = "Publisher"; Value = "Altium Limited"; VariantName = "[No Variations]"
Added Component: Designator=S2(SW 3x2x4)
Add component. Clean all parameters for all variants
Add component (AddParameter): Name = "LatestRevisionDate"; Value = "17-Jul-2002"; VariantName = "[No Variations]"
Add component (AddParameter): Name = "LatestRevisionNote"; Value = "Re-released for DXP Platform."; VariantName = "[No Variations]"
Add component (AddParameter): Name = "PackageReference"; Value = "SPST-2"; VariantName = "[No Variations]"
Add component (AddParameter): Name = "Published"; Value = "24-Mar-1999"; VariantName = "[No Variations]"
Add component (AddParameter): Name = "Publisher"; Value = "Altium Limited"; VariantName = "[No Variations]"
Added Component: Designator=U2(SO016)
Add component. Clean all parameters for all variants
Add component (AddParameter): Name = "Availability"; Value = "Unavailable"; VariantName = "[No Variations]"
Add component (AddParameter): Name = "Check_prices"; Value = "https://www.snapeda.com/parts/CH340C/WCH/view-part/5428851/?ref=eda"; VariantName = "[No Variations]"
Add component (AddParameter): Name = "MF"; Value = "WCH"; VariantName = "[No Variations]"
Add component (AddParameter): Name = "MP"; Value = "CH340C"; VariantName = "[No Variations]"
Add component (AddParameter): Name = "Package"; Value = "Package"; VariantName = "[No Variations]"
Add component (AddParameter): Name = "Price"; Value = "None"; VariantName = "[No Variations]"
Add component (AddParameter): Name = "SnapEDA_Link"; Value = "https://www.snapeda.com/parts/CH340C/WCH/view-part/5428851/?ref=snap"; VariantName = "[No Variations]"
Add component (AddParameter): Name = "Value"; Value = ""; VariantName = "[No Variations]"
Added Component: Designator=U(MODULE_ESP32-WROOM-32)
Add component. Clean all parameters for all variants
Add component (AddParameter): Name = "Digi-Key_Part_Number"; Value = "1904-1010-1-ND"; VariantName = "[No Variations]"
Add component (AddParameter): Name = "Digi-Key_Purchase_URL"; Value = "https://www.digikey.com/product-detail/en/espressif-systems/ESP32-WROOM-32/1904-1010-1-ND/8544305?utm_source=snapeda&utm_medium=aggregator&utm_campaign=symbol"; VariantName = "[No Variations]"
Add component (AddParameter): Name = "MF"; Value = "Espressif Systems"; VariantName = "[No Variations]"
Add component (AddParameter): Name = "MP"; Value = "ESP32-WROOM-32"; VariantName = "[No Variations]"
Add component (AddParameter): Name = "Package"; Value = "Module Espressif Systems"; VariantName = "[No Variations]"
Add component (AddParameter): Name = "SnapEDA_Link"; Value = "https://www.snapeda.com/parts/ESP32-WROOM-32/Espressif%20Systems/view-part/2753322/?ref=snap"; VariantName = "[No Variations]"
Add component (AddParameter): Name = "Value"; Value = ""; VariantName = "[No Variations]"
Added Pin To Net: NetName=GND Pin=C7-1
Added Pin To Net: NetName=Control Pin=C7-2
Added Pin To Net: NetName=VDD3V3 Pin=C8-1
Added Pin To Net: NetName=GND Pin=C8-2
Added Pin To Net: NetName=GND Pin=C9-1
Added Pin To Net: NetName=AccessPoint Pin=C9-2
Added Pin To Net: NetName=GND Pin=C10-1
Added Pin To Net: NetName=NetC10_2 Pin=C10-2
Added Pin To Net: NetName=GND Pin=C11-1
Added Pin To Net: NetName=VDD5V Pin=C11-2
Added Pin To Net: NetName=NetQ1_1 Pin=Q1-1
Added Pin To Net: NetName=RTS Pin=Q1-2
Added Pin To Net: NetName=EN Pin=Q1-3
Added Pin To Net: NetName=NetQ2_1 Pin=Q2-1
Added Pin To Net: NetName=DTR Pin=Q2-2
Added Pin To Net: NetName=BOOT Pin=Q2-3
Added Pin To Net: NetName=NetR5_1 Pin=S1-1
Added Pin To Net: NetName=GND Pin=S1-2
Added Pin To Net: NetName=NetR6_1 Pin=S2-1
Added Pin To Net: NetName=GND Pin=S2-2
Added Pin To Net: NetName=GND Pin=U2-1
Added Pin To Net: NetName=NetR8_1 Pin=U2-2
Added Pin To Net: NetName=NetR9_1 Pin=U2-3
Added Pin To Net: NetName=NetC10_2 Pin=U2-4
Added Pin To Net: NetName=UD+ Pin=U2-5
Added Pin To Net: NetName=UD- Pin=U2-6
Added Pin To Net: NetName=DTR Pin=U2-13
Added Pin To Net: NetName=RTS Pin=U2-14
Added Pin To Net: NetName=VDD5V Pin=U2-16
Added Pin To Net: NetName=GND Pin=U-1
Added Pin To Net: NetName=VDD3V3 Pin=U-2
Added Pin To Net: NetName=EN Pin=U-3
Added Pin To Net: NetName=Control Pin=U-6
Added Pin To Net: NetName=AccessPoint Pin=U-7
Added Pin To Net: NetName=Motor Pin=U-10
Added Pin To Net: NetName=Encoder Pin=U-11
Added Pin To Net: NetName=ROW1 Pin=U-13
Added Pin To Net: NetName=ROW2 Pin=U-14
Added Pin To Net: NetName=GND Pin=U-15
Added Pin To Net: NetName=ROW3 Pin=U-16
Added Pin To Net: NetName=ROW4 Pin=U-23
Added Pin To Net: NetName=COL1 Pin=U-24
Added Pin To Net: NetName=BOOT Pin=U-25
Added Pin To Net: NetName=COL2 Pin=U-26
Added Pin To Net: NetName=COL3 Pin=U-27
Added Pin To Net: NetName=COL4 Pin=U-28
Added Pin To Net: NetName=SS Pin=U-29
Added Pin To Net: NetName=SCK Pin=U-30
Added Pin To Net: NetName=MISO Pin=U-31
Added Pin To Net: NetName=SDA_I2C Pin=U-33
Added Pin To Net: NetName=RX0 Pin=U-34
Added Pin To Net: NetName=TX0 Pin=U-35
Added Pin To Net: NetName=SCL_I2C Pin=U-36
Added Pin To Net: NetName=MOSI Pin=U-37
Added Pin To Net: NetName=GND Pin=U-38
Added Pin To Net: NetName=GND Pin=U-39_1
Added Pin To Net: NetName=GND Pin=U-39_2
Added Pin To Net: NetName=GND Pin=U-39_3
Added Pin To Net: NetName=GND Pin=U-39_4
Added Pin To Net: NetName=GND Pin=U-39_5
Added Pin To Net: NetName=GND Pin=U-39_6
Added Pin To Net: NetName=GND Pin=U-39_7
Added Pin To Net: NetName=GND Pin=U-39_8
Added Pin To Net: NetName=GND Pin=U-39_9
Added Pin To Net: NetName=GND Pin=U-39_10
Added Pin To Net: NetName=GND Pin=U-39_11
Added Pin To Net: NetName=GND Pin=U-39_12
Added Pin To Net: NetName=GND Pin=U-39_13
Added Pin To Net: NetName=GND Pin=U-39_14
Added Pin To Net: NetName=GND Pin=U-39_15
Added Pin To Net: NetName=GND Pin=U-39_16
Added Pin To Net: NetName=GND Pin=U-39_17
Added Pin To Net: NetName=GND Pin=U-39_18
Added Pin To Net: NetName=GND Pin=U-39_19
Added Pin To Net: NetName=GND Pin=U-39_20
Added Pin To Net: NetName=GND Pin=U-39_21
Added Member To Class: ClassName=keyMANDevices Member=Component C7 100nF
Added Member To Class: ClassName=keyMANDevices Member=Component C8 CAP_TAN_SMD
Added Member To Class: ClassName=keyMANDevices Member=Component C9 100nF
Added Member To Class: ClassName=keyMANDevices Member=Component C10 104
Added Member To Class: ClassName=keyMANDevices Member=Component C11 104
Added Member To Class: ClassName=keyMANDevices Member=Component Q1 2N222
Added Member To Class: ClassName=keyMANDevices Member=Component Q2 2N222
Added Member To Class: ClassName=keyMANDevices Member=Component S1 SW-SMD
Added Member To Class: ClassName=keyMANDevices Member=Component S2 SW-SMD
Added Member To Class: ClassName=keyMANDevices Member=Component U2 CH340C
Added Member To Class: ClassName=keyMANDevices Member=Component U ESP32-WROOM-32
